#
# There is insufficient memory for the Java Runtime Environment to continue.
# Native memory allocation (mmap) failed to map 100663296 bytes for Failed to commit area from 0x00000000a1400000 to 0x00000000a7400000 of length 100663296.
# Possible reasons:
#   The system is out of physical RAM or swap space
#   The process is running with CompressedOops enabled, and the Java Heap may be blocking the growth of the native heap
# Possible solutions:
#   Reduce memory load on the system
#   Increase physical memory or swap space
#   Check if swap backing store is full
#   Decrease Java heap size (-Xmx/-Xms)
#   Decrease number of Java threads
#   Decrease Java thread stack sizes (-Xss)
#   Set larger code cache with -XX:ReservedCodeCacheSize=
#   JVM is running with Unscaled Compressed Oops mode in which the Java heap is
#     placed in the first 4GB address space. The Java Heap base address is the
#     maximum limit for the native heap growth. Please use -XX:HeapBaseMinAddress
#     to set the Java Heap base and to place the Java Heap above 4GB virtual address.
# This output file may be truncated or incomplete.
#
#  Out of Memory Error (./open/src/hotspot/os/windows/os_windows.cpp:3315), pid=18596, tid=16920
#
# JRE version:  (14.0.2+12) (build )
# Java VM: OpenJDK 64-Bit Server VM (14.0.2+12-46, mixed mode, sharing, tiered, compressed oops, g1 gc, windows-amd64)
# No core dump will be written. Minidumps are not enabled by default on client versions of Windows
#

---------------  S U M M A R Y ------------

Command Line: -Dfile.encoding=UTF-8 -XX:+ShowCodeDetailsInExceptionMessages com.hellokoding.auth.WebApplication

Host: AMD Ryzen 3 3200U with Radeon Vega Mobile Gfx  , 4 cores, 5G,  Windows 10 , 64 bit Build 19041 (10.0.19041.1348)
Time: Sat Jan  1 18:43:07 2022 Paris, Madrid elapsed time: 0 seconds (0d 0h 0m 0s)

---------------  T H R E A D  ---------------

Current thread (0x0000019355ef9800):  JavaThread "Unknown thread" [_thread_in_vm, id=16920, stack(0x000000370c700000,0x000000370c800000)]

Stack: [0x000000370c700000,0x000000370c800000]
Native frames: (J=compiled Java code, j=interpreted, Vv=VM code, C=native code)
V  [jvm.dll+0x5f8a9a]
V  [jvm.dll+0x74247a]
V  [jvm.dll+0x743c2f]
V  [jvm.dll+0x744273]
V  [jvm.dll+0x20d288]
V  [jvm.dll+0x5f5dea]
V  [jvm.dll+0x5eac45]
V  [jvm.dll+0x2c7e9c]
V  [jvm.dll+0x2c7cd2]
V  [jvm.dll+0x2cdbbc]
V  [jvm.dll+0x313fe8]
V  [jvm.dll+0x313710]
V  [jvm.dll+0x2a092a]
V  [jvm.dll+0x2a1a79]
V  [jvm.dll+0x71fd48]
V  [jvm.dll+0x321c14]
V  [jvm.dll+0x70112c]
V  [jvm.dll+0x392def]
V  [jvm.dll+0x394e61]
C  [jli.dll+0x524b]
C  [ucrtbase.dll+0x21bb2]
C  [KERNEL32.DLL+0x17034]
C  [ntdll.dll+0x52651]


---------------  P R O C E S S  ---------------

Threads class SMR info:
_java_thread_list=0x00007ff803663038, length=0, elements={
}

Java Threads: ( => current thread )

Other Threads:
  0x0000019355f35800 GCTaskThread "GC Thread#0" [stack: 0x000000370c800000,0x000000370c900000] [id=18428]
  0x0000019355f44000 ConcurrentGCThread "G1 Main Marker" [stack: 0x000000370c900000,0x000000370ca00000] [id=16248]
  0x0000019355f45000 ConcurrentGCThread "G1 Conc#0" [stack: 0x000000370ca00000,0x000000370cb00000] [id=2300]

[error occurred during error reporting (printing all threads), id 0xc0000005, EXCEPTION_ACCESS_VIOLATION (0xc0000005) at pc=0x00007ff802e91257]

VM state:not at safepoint (not fully initialized)

VM Mutex/Monitor currently owned by a thread:  ([mutex/lock_event])
[0x0000019353dbd860] Heap_lock - owner thread: 0x0000019355ef9800

Heap address: 0x00000000a1400000, size: 1516 MB, Compressed Oops mode: 32-bit
Narrow klass base: 0x0000000000000000, Narrow klass shift: 0

GC Heap History (0 events):
No events

Deoptimization events (0 events):
No events

Classes unloaded (0 events):
No events

Classes redefined (0 events):
No events

Internal exceptions (0 events):
No events

Events (2 events):
Event: 0.010 Loaded shared library C:\Users\SCD UM\.p2\pool\plugins\org.eclipse.justj.openjdk.hotspot.jre.full.win32.x86_64_14.0.2.v20200815-0932\jre\bin\java.dll
Event: 0.011 Loaded shared library C:\Users\SCD UM\.p2\pool\plugins\org.eclipse.justj.openjdk.hotspot.jre.full.win32.x86_64_14.0.2.v20200815-0932\jre\bin\zip.dll


Dynamic libraries:
0x00007ff7cf950000 - 0x00007ff7cf95d000 	C:\Users\SCD UM\.p2\pool\plugins\org.eclipse.justj.openjdk.hotspot.jre.full.win32.x86_64_14.0.2.v20200815-0932\jre\bin\javaw.exe
0x00007ff83c1d0000 - 0x00007ff83c3c5000 	C:\WINDOWS\SYSTEM32\ntdll.dll
0x00007ff83acf0000 - 0x00007ff83adae000 	C:\WINDOWS\System32\KERNEL32.DLL
0x00007ff839a10000 - 0x00007ff839cd8000 	C:\WINDOWS\System32\KERNELBASE.dll
0x00007ff83a0e0000 - 0x00007ff83a1e0000 	C:\WINDOWS\System32\ucrtbase.dll
0x00007ff833410000 - 0x00007ff833428000 	C:\Users\SCD UM\.p2\pool\plugins\org.eclipse.justj.openjdk.hotspot.jre.full.win32.x86_64_14.0.2.v20200815-0932\jre\bin\jli.dll
0x00007ff832d00000 - 0x00007ff832d15000 	C:\Users\SCD UM\.p2\pool\plugins\org.eclipse.justj.openjdk.hotspot.jre.full.win32.x86_64_14.0.2.v20200815-0932\jre\bin\VCRUNTIME140.dll
0x00007ff83ba30000 - 0x00007ff83bbd1000 	C:\WINDOWS\System32\USER32.dll
0x00007ff83a1e0000 - 0x00007ff83a202000 	C:\WINDOWS\System32\win32u.dll
0x00007ff83bdf0000 - 0x00007ff83be1b000 	C:\WINDOWS\System32\GDI32.dll
0x00007ff839fd0000 - 0x00007ff83a0dd000 	C:\WINDOWS\System32\gdi32full.dll
0x00007ff823740000 - 0x00007ff8239da000 	C:\WINDOWS\WinSxS\amd64_microsoft.windows.common-controls_6595b64144ccf1df_6.0.19041.1110_none_60b5254171f9507e\COMCTL32.dll
0x00007ff8398e0000 - 0x00007ff83997d000 	C:\WINDOWS\System32\msvcp_win.dll
0x00007ff83a710000 - 0x00007ff83a7ae000 	C:\WINDOWS\System32\msvcrt.dll
0x00007ff83a420000 - 0x00007ff83a450000 	C:\WINDOWS\System32\IMM32.DLL
0x00007ff80cba0000 - 0x00007ff80cc3b000 	C:\Users\SCD UM\.p2\pool\plugins\org.eclipse.justj.openjdk.hotspot.jre.full.win32.x86_64_14.0.2.v20200815-0932\jre\bin\msvcp140.dll
0x00007ff802be0000 - 0x00007ff8036fe000 	C:\Users\SCD UM\.p2\pool\plugins\org.eclipse.justj.openjdk.hotspot.jre.full.win32.x86_64_14.0.2.v20200815-0932\jre\bin\server\jvm.dll
0x00007ff83bec0000 - 0x00007ff83bf6c000 	C:\WINDOWS\System32\ADVAPI32.dll
0x00007ff83be20000 - 0x00007ff83bebb000 	C:\WINDOWS\System32\sechost.dll
0x00007ff83bfd0000 - 0x00007ff83c0fa000 	C:\WINDOWS\System32\RPCRT4.dll
0x00007ff83a4c0000 - 0x00007ff83a4c8000 	C:\WINDOWS\System32\PSAPI.DLL
0x00007ff81f170000 - 0x00007ff81f179000 	C:\WINDOWS\SYSTEM32\WSOCK32.dll
0x00007ff82e180000 - 0x00007ff82e1a7000 	C:\WINDOWS\SYSTEM32\WINMM.dll
0x00007ff83a450000 - 0x00007ff83a4bb000 	C:\WINDOWS\System32\WS2_32.dll
0x00007ff831e10000 - 0x00007ff831e1a000 	C:\WINDOWS\SYSTEM32\VERSION.dll
0x00007ff837790000 - 0x00007ff8377a2000 	C:\WINDOWS\SYSTEM32\kernel.appcore.dll
0x00007ff837100000 - 0x00007ff83710a000 	C:\Users\SCD UM\.p2\pool\plugins\org.eclipse.justj.openjdk.hotspot.jre.full.win32.x86_64_14.0.2.v20200815-0932\jre\bin\jimage.dll
0x00007ff826e20000 - 0x00007ff827004000 	C:\WINDOWS\SYSTEM32\DBGHELP.DLL
0x00007ff81f220000 - 0x00007ff81f24c000 	C:\WINDOWS\SYSTEM32\dbgcore.DLL
0x00007ff839980000 - 0x00007ff839a02000 	C:\WINDOWS\System32\bcryptPrimitives.dll
0x00007ff834630000 - 0x00007ff834655000 	C:\Users\SCD UM\.p2\pool\plugins\org.eclipse.justj.openjdk.hotspot.jre.full.win32.x86_64_14.0.2.v20200815-0932\jre\bin\java.dll
0x00007ff836e60000 - 0x00007ff836e76000 	C:\Users\SCD UM\.p2\pool\plugins\org.eclipse.justj.openjdk.hotspot.jre.full.win32.x86_64_14.0.2.v20200815-0932\jre\bin\zip.dll

dbghelp: loaded successfully - version: 4.0.5 - missing functions: none
symbol engine: initialized successfully - sym options: 0x614 - pdb path: .;C:\Users\SCD UM\.p2\pool\plugins\org.eclipse.justj.openjdk.hotspot.jre.full.win32.x86_64_14.0.2.v20200815-0932\jre\bin;C:\WINDOWS\SYSTEM32;C:\WINDOWS\WinSxS\amd64_microsoft.windows.common-controls_6595b64144ccf1df_6.0.19041.1110_none_60b5254171f9507e;C:\Users\SCD UM\.p2\pool\plugins\org.eclipse.justj.openjdk.hotspot.jre.full.win32.x86_64_14.0.2.v20200815-0932\jre\bin\server

VM Arguments:
jvm_args: -Dfile.encoding=UTF-8 -XX:+ShowCodeDetailsInExceptionMessages 
java_command: com.hellokoding.auth.WebApplication
java_class_path (initial): C:\Users\SCD UM\Desktop\master 2 ico 2022\j2EE\springboot-registration-login\target\classes;C:\Users\SCD UM\.m2\repository\org\springframework\boot\spring-boot-starter-web\2.2.3.RELEASE\spring-boot-starter-web-2.2.3.RELEASE.jar;C:\Users\SCD UM\.m2\repository\org\springframework\boot\spring-boot-starter\2.2.3.RELEASE\spring-boot-starter-2.2.3.RELEASE.jar;C:\Users\SCD UM\.m2\repository\org\springframework\boot\spring-boot\2.2.3.RELEASE\spring-boot-2.2.3.RELEASE.jar;C:\Users\SCD UM\.m2\repository\org\springframework\boot\spring-boot-autoconfigure\2.2.3.RELEASE\spring-boot-autoconfigure-2.2.3.RELEASE.jar;C:\Users\SCD UM\.m2\repository\org\springframework\boot\spring-boot-starter-logging\2.2.3.RELEASE\spring-boot-starter-logging-2.2.3.RELEASE.jar;C:\Users\SCD UM\.m2\repository\ch\qos\logback\logback-classic\1.2.3\logback-classic-1.2.3.jar;C:\Users\SCD UM\.m2\repository\ch\qos\logback\logback-core\1.2.3\logback-core-1.2.3.jar;C:\Users\SCD UM\.m2\repository\org\apache\logging\log4j\log4j-to-slf4j\2.12.1\log4j-to-slf4j-2.12.1.jar;C:\Users\SCD UM\.m2\repository\org\apache\logging\log4j\log4j-api\2.12.1\log4j-api-2.12.1.jar;C:\Users\SCD UM\.m2\repository\org\slf4j\jul-to-slf4j\1.7.30\jul-to-slf4j-1.7.30.jar;C:\Users\SCD UM\.m2\repository\jakarta\annotation\jakarta.annotation-api\1.3.5\jakarta.annotation-api-1.3.5.jar;C:\Users\SCD UM\.m2\repository\org\springframework\spring-core\5.2.3.RELEASE\spring-core-5.2.3.RELEASE.jar;C:\Users\SCD UM\.m2\repository\org\springframework\spring-jcl\5.2.3.RELEASE\spring-jcl-5.2.3.RELEASE.jar;C:\Users\SCD UM\.m2\repository\org\yaml\snakeyaml\1.25\snakeyaml-1.25.jar;C:\Users\SCD UM\.m2\repository\org\springframework\boot\spring-boot-starter-json\2.2.3.RELEASE\spring-boot-starter-json-2.2.3.RELEASE.jar;C:\Users\SCD UM\.m2\repository\com\fasterxml\jackson\core\jackson-databind\2.10.2\jackson-databind-2.10.2.jar;C:\Users\SCD UM\.m2\repository\com\fasterxml\jackson\core\jackson-annotations\2.10.2\jackson-annotations-2.1
Launcher Type: SUN_STANDARD

[Global flags]
     intx CICompilerCount                          = 3                                         {product} {ergonomic}
     uint ConcGCThreads                            = 1                                         {product} {ergonomic}
     uint G1ConcRefinementThreads                  = 4                                         {product} {ergonomic}
   size_t G1HeapRegionSize                         = 1048576                                   {product} {ergonomic}
    uintx GCDrainStackTargetSize                   = 64                                        {product} {ergonomic}
   size_t InitialHeapSize                          = 100663296                                 {product} {ergonomic}
   size_t MarkStackSize                            = 4194304                                   {product} {ergonomic}
   size_t MaxHeapSize                              = 1589641216                                {product} {ergonomic}
   size_t MinHeapDeltaBytes                        = 1048576                                   {product} {ergonomic}
   size_t MinHeapSize                              = 8388608                                   {product} {ergonomic}
    uintx NonNMethodCodeHeapSize                   = 5832780                                {pd product} {ergonomic}
    uintx NonProfiledCodeHeapSize                  = 122912730                              {pd product} {ergonomic}
    uintx ProfiledCodeHeapSize                     = 122912730                              {pd product} {ergonomic}
    uintx ReservedCodeCacheSize                    = 251658240                              {pd product} {ergonomic}
     bool SegmentedCodeCache                       = true                                      {product} {ergonomic}
     bool ShowCodeDetailsInExceptionMessages       = true                                   {manageable} {command line}
   size_t SoftMaxHeapSize                          = 1589641216                             {manageable} {ergonomic}
     bool UseCompressedClassPointers               = true                                 {lp64_product} {ergonomic}
     bool UseCompressedOops                        = true                                 {lp64_product} {ergonomic}
     bool UseG1GC                                  = true                                      {product} {ergonomic}
     bool UseLargePagesIndividualAllocation        = false                                  {pd product} {ergonomic}

Logging:
Log output configuration:
 #0: stdout all=warning uptime,level,tags
 #1: stderr all=off uptime,level,tags

Environment Variables:
PATH=C:/Users/SCD UM/.p2/pool/plugins/org.eclipse.justj.openjdk.hotspot.jre.full.win32.x86_64_14.0.2.v20200815-0932/jre/bin/server;C:/Users/SCD UM/.p2/pool/plugins/org.eclipse.justj.openjdk.hotspot.jre.full.win32.x86_64_14.0.2.v20200815-0932/jre/bin;C:\Python310\Scripts\;C:\Python310\;C:\Program Files (x86)\Common Files\Oracle\Java\javapath;C:\oraclexe\app\oracle\product\11.2.0\server\bin;C:\WINDOWS\system32;C:\WINDOWS;C:\WINDOWS\System32\Wbem;C:\WINDOWS\System32\WindowsPowerShell\v1.0\;C:\WINDOWS\System32\OpenSSH\;C:\sqlite;C:\wamp;C:\Users\SCD UM\AppData\Local\Programs\Python\Python39-32\Scripts;C:\Redis;C:\ProgramData\ComposerSetup\bin;C:\Program Files\Git\cmd;C:\Program Files\Symfony;C:\ProgramData\chocolatey\bin;C:\Program Files\nodejs\npm;C:\Program Files\nodejs;C:\Program Files\nodejs\node_modules;C:\Program Files\nodejs\;C:\Users\SCD UM\anaconda3;C:\Users\SCD UM\anaconda3\Library\mingw-w64\bin;C:\Users\SCD UM\anaconda3\Library\usr\bin;C:\Users\SCD UM\anaconda3\Library\bin;C:\Users\SCD UM\anaconda3\Scripts;C:\Users\SCD UM\AppData\Local\Programs\Python\Python39-32\Scripts\;C:\Users\SCD UM\AppData\Local\Programs\Python\Python39-32\;C:\Users\SCD UM\AppData\Local\Microsoft\WindowsApps;C:\Users\SCD UM\AppData\Local\atom\bin;C:\Program Files\JetBrains\PyCharm 2020.3.3\bin;;C:\Users\SCD UM\AppData\Local\Programs\Python\Python39-32\Scripts;C:\Redis;C:\Users\SCD UM\AppData\Local\Microsoft\WindowsApps;C:\wamp64\bin\php\php7.4.9;C:\wamp64\bin\php\php7.3.21;C:\wamp64\bin\php\php5.6.40;C:\Users\SCD UM\AppData\Roaming\Composer\vendor\bin;C:\Program Files\JetBrains\PhpStorm 2020.1.1\bin;;C:\Program Files\nodejs\npm;C:\Program Files\nodejs;C:\Program Files\heroku\bin;C:\Program Files\nodejs\nodes_modules;C:\Users\SCD UM\AppData\Roaming\npm;C:\Users\SCD UM\eclipse\jee-2020-09\eclipse;
USERNAME=SCD UM
OS=Windows_NT
PROCESSOR_IDENTIFIER=AMD64 Family 23 Model 24 Stepping 1, AuthenticAMD



---------------  S Y S T E M  ---------------

OS: Windows 10 , 64 bit Build 19041 (10.0.19041.1348)
OS uptime: 3 days 1:52 hours
HyperV virtualization detected

CPU:total 4 (initial active 4) (4 cores per cpu, 2 threads per core) family 23 model 24 stepping 1, cmov, cx8, fxsr, mmx, sse, sse2, sse3, ssse3, sse4.1, sse4.2, popcnt, avx, avx2, aes, clmul, mmxext, 3dnowpref, lzcnt, sse4a, ht, tsc, tscinvbit, tscinv, bmi1, bmi2, adx, sha, fma

Memory: 4k page, system-wide physical 6061M (345M free)
TotalPageFile size 24493M (AvailPageFile size 47M)
current process WorkingSet (physical memory assigned to process): 9M, peak: 9M
current process commit charge ("private bytes"): 51M, peak: 147M

vm_info: OpenJDK 64-Bit Server VM (14.0.2+12-46) for windows-amd64 JRE (14.0.2+12-46), built on Jul  9 2020 00:31:16 by "mach5one" with MS VC++ 15.9 (VS2017)

END.
